<?xml version="1.0" encoding="UTF-8"?>
<!-- Generated by org.testng.reporters.JUnitXMLReporter -->
<testsuite ignored="2" hostname="TYSS-Akash-Deb" failures="0" tests="2" name="Test" time="0.081" errors="0" timestamp="2023-12-06T11:22:22 IST">
  <testcase classname="basicTestScript.DemoClass2" name="testCase3" time="0.011"/>
  <testcase classname="basicTestScript.DemoClass1" name="testCase2" time="0.002"/>
  <testcase classname="basicTestScript.DemoClass2" name="testCase4" time="0.0">
    <ignored/>
  </testcase> <!-- testCase4 -->
  <testcase classname="basicTestScript.DemoClass1" name="testCase1" time="0.0">
    <ignored/>
  </testcase> <!-- testCase1 -->
</testsuite> <!-- Test -->
