<?xml version="1.0" encoding="UTF-8"?>
<testng-results ignored="0" total="2" passed="2" failed="0" skipped="0">
  <reporter-output>
  </reporter-output>
  <suite started-at="2023-12-06T11:22:22 IST" name="Suite" finished-at="2023-12-06T11:22:22 IST" duration-ms="81">
    <groups>
    </groups>
    <test started-at="2023-12-06T11:22:22 IST" name="Test" finished-at="2023-12-06T11:22:22 IST" duration-ms="81">
      <class name="basicTestScript.DemoClass1">
        <test-method signature="testCase2()[pri:0, instance:basicTestScript.DemoClass1@4145bad8]" started-at="2023-12-06T11:22:22 IST" name="testCase2" finished-at="2023-12-06T11:22:22 IST" duration-ms="2" status="PASS">
          <reporter-output>
          </reporter-output>
        </test-method> <!-- testCase2 -->
      </class> <!-- basicTestScript.DemoClass1 -->
      <class name="basicTestScript.DemoClass2">
        <test-method signature="testCase3()[pri:0, instance:basicTestScript.DemoClass2@f09733f]" started-at="2023-12-06T11:22:22 IST" name="testCase3" finished-at="2023-12-06T11:22:22 IST" duration-ms="11" status="PASS">
          <reporter-output>
          </reporter-output>
        </test-method> <!-- testCase3 -->
      </class> <!-- basicTestScript.DemoClass2 -->
    </test> <!-- Test -->
  </suite> <!-- Suite -->
</testng-results>
